Unity Editor version:    2021.3.13f1 (9e7d58001ecf)
Branch:                  2021.3/staging
Build type:              Release
Batch mode:              YES
macOS version:           Version 12.6 (Build 21G115)
Darwin version:          21.6.0
Architecture:            x86_64
Running under Rosetta:   NO
Available memory:        32768 MB
Using pre-set license
Pro License: YES

COMMAND LINE ARGUMENTS:
/Applications/Unity/Hub/Editor/2021.3.13f1/Unity.app/Contents/MacOS/Unity
-adb2
-batchMode
-noUpm
-name
AssetImportWorker0
-projectPath
/Users/nathan/workspace/Space_Evil
-logFile
Logs/AssetImportWorker0.log
-srvPort
59819
Successfully changed project path to: /Users/nathan/workspace/Space_Evil
/Users/nathan/workspace/Space_Evil
[UnityMemory] Configuration Parameters - Can be set up in boot.config
    "memorysetup-bucket-allocator-granularity=16"
    "memorysetup-bucket-allocator-bucket-count=8"
    "memorysetup-bucket-allocator-block-size=33554432"
    "memorysetup-bucket-allocator-block-count=8"
    "memorysetup-main-allocator-block-size=16777216"
    "memorysetup-thread-allocator-block-size=16777216"
    "memorysetup-gfx-main-allocator-block-size=16777216"
    "memorysetup-gfx-thread-allocator-block-size=16777216"
    "memorysetup-cache-allocator-block-size=4194304"
    "memorysetup-typetree-allocator-block-size=2097152"
    "memorysetup-profiler-bucket-allocator-granularity=16"
    "memorysetup-profiler-bucket-allocator-bucket-count=8"
    "memorysetup-profiler-bucket-allocator-block-size=33554432"
    "memorysetup-profiler-bucket-allocator-block-count=8"
    "memorysetup-profiler-allocator-block-size=16777216"
    "memorysetup-profiler-editor-allocator-block-size=1048576"
    "memorysetup-temp-allocator-size-main=16777216"
    "memorysetup-job-temp-allocator-block-size=2097152"
    "memorysetup-job-temp-allocator-block-size-background=1048576"
    "memorysetup-job-temp-allocator-reduction-small-platforms=262144"
    "memorysetup-temp-allocator-size-background-worker=32768"
    "memorysetup-temp-allocator-size-job-worker=262144"
    "memorysetup-temp-allocator-size-preload-manager=33554432"
    "memorysetup-temp-allocator-size-nav-mesh-worker=65536"
    "memorysetup-temp-allocator-size-audio-worker=65536"
    "memorysetup-temp-allocator-size-cloud-worker=32768"
    "memorysetup-temp-allocator-size-gi-baking-worker=262144"
    "memorysetup-temp-allocator-size-gfx=262144"
Refreshing native plugins compatible for Editor in 90.16 ms, found 2 plugins.
Preloading 0 native plugins for Editor in 0.00 ms.
Initialize engine version: 2021.3.13f1 (9e7d58001ecf)
[Subsystems] Discovering subsystems at path /Applications/Unity/Hub/Editor/2021.3.13f1/Unity.app/Contents/Resources/UnitySubsystems
[Subsystems] Discovering subsystems at path /Users/nathan/workspace/Space_Evil/Assets
GfxDevice: creating device client; threaded=0; jobified=0
Color LCD preferred device: Intel(R) Iris(TM) Plus Graphics (low power)
Metal devices available: 1
0: Intel(R) Iris(TM) Plus Graphics (low power)
Using device Intel(R) Iris(TM) Plus Graphics (low power)
Initializing Metal device caps: Intel(R) Iris(TM) Plus Graphics
Initialize mono
Mono path[0] = '/Applications/Unity/Hub/Editor/2021.3.13f1/Unity.app/Contents/Managed'
Mono path[1] = '/Applications/Unity/Hub/Editor/2021.3.13f1/Unity.app/Contents/MonoBleedingEdge/lib/mono/unityjit-macos'
Mono config path = '/Applications/Unity/Hub/Editor/2021.3.13f1/Unity.app/Contents/MonoBleedingEdge/etc'
Using monoOptions --debugger-agent=transport=dt_socket,embedding=1,server=y,suspend=n,address=127.0.0.1:56257
Begin MonoManager ReloadAssembly
Registering precompiled unity dll's ...
Register platform support module: /Applications/Unity/Hub/Editor/2021.3.13f1/PlaybackEngines/WebGLSupport/UnityEditor.WebGL.Extensions.dll
Register platform support module: /Applications/Unity/Hub/Editor/2021.3.13f1/Unity.app/Contents/PlaybackEngines/MacStandaloneSupport/UnityEditor.OSXStandalone.Extensions.dll
Registered in 0.001203 seconds.
Native extension for OSXStandalone target not found
Native extension for WebGL target not found
Refreshing native plugins compatible for Editor in 79.61 ms, found 2 plugins.
Preloading 0 native plugins for Editor in 0.00 ms.
Mono: successfully reloaded assembly
- Completed reload, in  0.894 seconds
Domain Reload Profiling:
	ReloadAssembly (895ms)
		BeginReloadAssembly (107ms)
			ExecutionOrderSort (0ms)
			DisableScriptedObjects (0ms)
			BackupInstance (0ms)
			ReleaseScriptingObjects (0ms)
			CreateAndSetChildDomain (1ms)
		EndReloadAssembly (627ms)
			LoadAssemblies (108ms)
			RebuildTransferFunctionScriptingTraits (0ms)
			SetupTypeCache (159ms)
			ReleaseScriptCaches (0ms)
			RebuildScriptCaches (36ms)
			SetupLoadedEditorAssemblies (376ms)
				LogAssemblyErrors (0ms)
				InitializePlatformSupportModulesInManaged (7ms)
				SetLoadedEditorAssemblies (0ms)
				RefreshPlugins (80ms)
				BeforeProcessingInitializeOnLoad (2ms)
				ProcessInitializeOnLoadAttributes (228ms)
				ProcessInitializeOnLoadMethodAttributes (59ms)
				AfterProcessingInitializeOnLoad (0ms)
				EditorAssembliesLoaded (0ms)
			ExecutionOrderSort2 (0ms)
			AwakeInstancesAfterBackupRestoration (0ms)
Platform modules already initialized, skipping
Registering precompiled user dll's ...
Registered in 0.004120 seconds.
Begin MonoManager ReloadAssembly
Symbol file LoadedFromMemory doesn't match image /Users/nathan/workspace/Space_Evil/Library/PackageCache/com.unity.visualscripting@1.7.8/Editor/VisualScripting.Core/Dependencies/YamlDotNet/Unity.VisualScripting.YamlDotNet.dll
Symbol file LoadedFromMemory doesn't match image /Users/nathan/workspace/Space_Evil/Library/PackageCache/com.unity.visualscripting@1.7.8/Editor/VisualScripting.Core/Dependencies/DotNetZip/Unity.VisualScripting.IonicZip.dll
Native extension for OSXStandalone target not found
Native extension for WebGL target not found
Refreshing native plugins compatible for Editor in 83.65 ms, found 2 plugins.
Preloading 0 native plugins for Editor in 0.00 ms.
Package Manager log level set to [2]
Mono: successfully reloaded assembly
- Completed reload, in  1.364 seconds
Domain Reload Profiling:
	ReloadAssembly (1365ms)
		BeginReloadAssembly (127ms)
			ExecutionOrderSort (0ms)
			DisableScriptedObjects (6ms)
			BackupInstance (0ms)
			ReleaseScriptingObjects (0ms)
			CreateAndSetChildDomain (22ms)
		EndReloadAssembly (1112ms)
			LoadAssemblies (111ms)
			RebuildTransferFunctionScriptingTraits (0ms)
			SetupTypeCache (285ms)
			ReleaseScriptCaches (1ms)
			RebuildScriptCaches (72ms)
			SetupLoadedEditorAssemblies (599ms)
				LogAssemblyErrors (0ms)
				InitializePlatformSupportModulesInManaged (5ms)
				SetLoadedEditorAssemblies (0ms)
				RefreshPlugins (84ms)
				BeforeProcessingInitializeOnLoad (81ms)
				ProcessInitializeOnLoadAttributes (395ms)
				ProcessInitializeOnLoadMethodAttributes (33ms)
				AfterProcessingInitializeOnLoad (1ms)
				EditorAssembliesLoaded (0ms)
			ExecutionOrderSort2 (0ms)
			AwakeInstancesAfterBackupRestoration (4ms)
Platform modules already initialized, skipping
========================================================================
Worker process is ready to serve import requests
Launching external process: /Applications/Unity/Hub/Editor/2021.3.13f1/Unity.app/Contents/Tools/UnityShaderCompiler
Launched and connected shader compiler UnityShaderCompiler after 0.17 seconds
Refreshing native plugins compatible for Editor in 0.58 ms, found 2 plugins.
Preloading 0 native plugins for Editor in 0.00 ms.
Unloading 3744 Unused Serialized files (Serialized files now loaded: 0)
Unloading 28 unused Assets / (44.4 KB). Loaded Objects now: 4218.
Memory consumption went from 247.2 MB to 247.2 MB.
Total: 3.277012 ms (FindLiveObjects: 0.292837 ms CreateObjectMapping: 0.163546 ms MarkObjects: 2.701683 ms  DeleteObjects: 0.108310 ms)

AssetImportParameters requested are different than current active one (requested -> active):
  custom:video-decoder-ogg-theora: a1e56fd34408186e4bbccfd4996cb3dc -> 
  custom:container-muxer-webm: aa71ff27fc2769a1b78a27578f13a17b -> 
  custom:container-demuxer-webm: 4f35f7cbe854078d1ac9338744f61a02 -> 
  custom:video-encoder-webm-vp8: eb34c28f22e8b96e1ab97ce403110664 -> 
  custom:framework-osx-AVFoundation: e770b220cccbd017edd2c1fefb359320 -> 
  custom:audio-encoder-webm-vorbis: bf7c407c2cedff20999df2af8eb42d56 -> 
  custom:container-demuxer-ogg: 62fdf1f143b41e24485cea50d1cbac27 -> 
  custom:video-decoder-webm-vp8: 9c59270c3fd7afecdb556c50c9e8de78 -> 
  custom:audio-decoder-ogg-vorbis: bf7c407c2cedff20999df2af8eb42d56 -> 
========================================================================
Received Import Request.
  Time since last request: 207019.539145 seconds.
  path: Assets/Audio/explosion_asteroid.wav
  artifactKey: Guid(3dc7455402dfa462b89a4bbd513955e9) Importer(815301076,1909f56bfc062723c751e8b465ee728b)
Start importing Assets/Audio/explosion_asteroid.wav using Guid(3dc7455402dfa462b89a4bbd513955e9) Importer(815301076,1909f56bfc062723c751e8b465ee728b)  -> (artifact id: 'ab8cdedefd251b0d3e21b92320b6339a') in 2.537582 seconds 
========================================================================
Received Import Request.
  Time since last request: 0.000076 seconds.
  path: Assets/Materials/HealthBar.mat
  artifactKey: Guid(96e951df8a32c4c4e94b93028677091e) Importer(815301076,1909f56bfc062723c751e8b465ee728b)
Start importing Assets/Materials/HealthBar.mat using Guid(96e951df8a32c4c4e94b93028677091e) Importer(815301076,1909f56bfc062723c751e8b465ee728b)  -> (artifact id: '2b927b419921fffd2b83b1c103d6390d') in 0.147521 seconds 
========================================================================
Received Import Request.
  Time since last request: 0.000090 seconds.
  path: Assets/Materials/part_jet_flare_mat.mat
  artifactKey: Guid(a7b030cffa2dc44478c14e49a22771c2) Importer(815301076,1909f56bfc062723c751e8b465ee728b)
Start importing Assets/Materials/part_jet_flare_mat.mat using Guid(a7b030cffa2dc44478c14e49a22771c2) Importer(815301076,1909f56bfc062723c751e8b465ee728b)  -> (artifact id: '90c027a9a41e78c3834222382e2417ec') in 0.026719 seconds 
========================================================================
Received Import Request.
  Time since last request: 0.000088 seconds.
  path: Assets/Models/prop_asteroid_02.FBX
  artifactKey: Guid(9afa958d6d8235941b9badb42aae4370) Importer(815301076,1909f56bfc062723c751e8b465ee728b)
Start importing Assets/Models/prop_asteroid_02.FBX using Guid(9afa958d6d8235941b9badb42aae4370) Importer(815301076,1909f56bfc062723c751e8b465ee728b)  -> (artifact id: '9090d5083f2b6c07e9cd4e247904f7ee') in 0.625430 seconds 
========================================================================
Received Import Request.
  Time since last request: 0.001561 seconds.
  path: Assets/Materials/Green_Orb_01.mat
  artifactKey: Guid(20c84961ce527464a9905fbfbd526ec1) Importer(815301076,1909f56bfc062723c751e8b465ee728b)
Start importing Assets/Materials/Green_Orb_01.mat using Guid(20c84961ce527464a9905fbfbd526ec1) Importer(815301076,1909f56bfc062723c751e8b465ee728b)  -> (artifact id: '510245ad1bacdc4500b6ffa265929dfd') in 0.057849 seconds 
========================================================================
Received Import Request.
  Time since last request: 0.000110 seconds.
  path: Assets/Materials/Slider Background.mat
  artifactKey: Guid(27d87a15bf86c4159800770927c9aa2f) Importer(815301076,1909f56bfc062723c751e8b465ee728b)
Start importing Assets/Materials/Slider Background.mat using Guid(27d87a15bf86c4159800770927c9aa2f) Importer(815301076,1909f56bfc062723c751e8b465ee728b)  -> (artifact id: '8ad28abf8eb843b8246420c96c55d007') in 0.217155 seconds 
========================================================================
Received Import Request.
  Time since last request: 0.000117 seconds.
  path: Assets/Audio/powerup_01.wav
  artifactKey: Guid(330dc692ee70d4a3e987502dc30fa398) Importer(815301076,1909f56bfc062723c751e8b465ee728b)
Start importing Assets/Audio/powerup_01.wav using Guid(330dc692ee70d4a3e987502dc30fa398) Importer(815301076,1909f56bfc062723c751e8b465ee728b)  -> (artifact id: 'f6f29ede31ba6ff26717149847b2f87d') in 0.022720 seconds 
========================================================================
Received Import Request.
  Time since last request: 0.000187 seconds.
  path: Assets/Materials/Slider Fill.mat
  artifactKey: Guid(74069a396ef888d4ea96c33784281ac5) Importer(815301076,1909f56bfc062723c751e8b465ee728b)
Start importing Assets/Materials/Slider Fill.mat using Guid(74069a396ef888d4ea96c33784281ac5) Importer(815301076,1909f56bfc062723c751e8b465ee728b)  -> (artifact id: '4d76d3fcb3e73631e3491908b003db76') in 0.029089 seconds 
========================================================================
Received Import Request.
  Time since last request: 0.000101 seconds.
  path: Assets/Materials/part_star_mat.mat
  artifactKey: Guid(185f97f18bd603a478461ce9c08bd039) Importer(815301076,1909f56bfc062723c751e8b465ee728b)
Start importing Assets/Materials/part_star_mat.mat using Guid(185f97f18bd603a478461ce9c08bd039) Importer(815301076,1909f56bfc062723c751e8b465ee728b)  -> (artifact id: '7d69a5cf3a8c1d2a615054dbf161cf33') in 0.020072 seconds 
========================================================================
Received Import Request.
  Time since last request: 0.000110 seconds.
  path: Assets/Materials/fx_bolt_cyan.mat
  artifactKey: Guid(377ef30c8e8c04f98bbba95df164b13b) Importer(815301076,1909f56bfc062723c751e8b465ee728b)
Start importing Assets/Materials/fx_bolt_cyan.mat using Guid(377ef30c8e8c04f98bbba95df164b13b) Importer(815301076,1909f56bfc062723c751e8b465ee728b)  -> (artifact id: '28a6d1f07a7126af905f366558f8f029') in 0.016418 seconds 
========================================================================
Received Import Request.
  Time since last request: 0.000368 seconds.
  path: Assets/Materials/fx_bolt_cyan_01.mat
  artifactKey: Guid(c9bc33ffaeb1f451293f75025c57800f) Importer(815301076,1909f56bfc062723c751e8b465ee728b)
Start importing Assets/Materials/fx_bolt_cyan_01.mat using Guid(c9bc33ffaeb1f451293f75025c57800f) Importer(815301076,1909f56bfc062723c751e8b465ee728b)  -> (artifact id: 'd93d1d7fb20cdeadf1f5585997944570') in 0.018481 seconds 
========================================================================
Received Import Request.
  Time since last request: 0.000168 seconds.
  path: Assets/Materials/vehicle_playerShip_metal_mat_p2.mat
  artifactKey: Guid(4687fa5f20bc7451180b9b1821102d88) Importer(815301076,1909f56bfc062723c751e8b465ee728b)
Start importing Assets/Materials/vehicle_playerShip_metal_mat_p2.mat using Guid(4687fa5f20bc7451180b9b1821102d88) Importer(815301076,1909f56bfc062723c751e8b465ee728b)  -> (artifact id: '3c619d009890796de3b251e034d64cb7') in 0.040528 seconds 
========================================================================
Received Import Request.
  Time since last request: 0.000129 seconds.
  path: Assets/Materials/part_spark_white_mat.mat
  artifactKey: Guid(0f995b3145e0e7247a42da6cef1dbf23) Importer(815301076,1909f56bfc062723c751e8b465ee728b)
Start importing Assets/Materials/part_spark_white_mat.mat using Guid(0f995b3145e0e7247a42da6cef1dbf23) Importer(815301076,1909f56bfc062723c751e8b465ee728b)  -> (artifact id: '380c08b7bc343be3a8ee3a4c6001d5fb') in 0.026448 seconds 
========================================================================
Received Import Request.
  Time since last request: 0.000070 seconds.
  path: Assets/Scenes/Controls.unity
  artifactKey: Guid(e31151469f9db41bb99384b804f43c3d) Importer(815301076,1909f56bfc062723c751e8b465ee728b)
Start importing Assets/Scenes/Controls.unity using Guid(e31151469f9db41bb99384b804f43c3d) Importer(815301076,1909f56bfc062723c751e8b465ee728b)  -> (artifact id: '05accee0f0677d55650e8c6244f03259') in 0.001778 seconds 
========================================================================
Received Import Request.
  Time since last request: 0.000722 seconds.
  path: Assets/Materials/vehicle_enemyShip_glow_mat.mat
  artifactKey: Guid(1e0350b97c61bfb4a91c62d756d01727) Importer(815301076,1909f56bfc062723c751e8b465ee728b)
Start importing Assets/Materials/vehicle_enemyShip_glow_mat.mat using Guid(1e0350b97c61bfb4a91c62d756d01727) Importer(815301076,1909f56bfc062723c751e8b465ee728b)  -> (artifact id: '40c9ee72fcf4486505064da6edd0d8dd') in 0.132294 seconds 
========================================================================
Received Import Request.
  Time since last request: 0.000077 seconds.
  path: Assets/Materials/part_spark_large_mat.mat
  artifactKey: Guid(97b1f8b25cca2bc458cb9d6127c8d186) Importer(815301076,1909f56bfc062723c751e8b465ee728b)
Start importing Assets/Materials/part_spark_large_mat.mat using Guid(97b1f8b25cca2bc458cb9d6127c8d186) Importer(815301076,1909f56bfc062723c751e8b465ee728b)  -> (artifact id: '288dbb0dda8b9060081d4446dfeb6173') in 0.020907 seconds 
========================================================================
Received Import Request.
  Time since last request: 0.000082 seconds.
  path: Assets/Materials/part_spark_large_dff.mat
  artifactKey: Guid(c4866efcde96f4c7981850f99c2ca04a) Importer(815301076,1909f56bfc062723c751e8b465ee728b)
Start importing Assets/Materials/part_spark_large_dff.mat using Guid(c4866efcde96f4c7981850f99c2ca04a) Importer(815301076,1909f56bfc062723c751e8b465ee728b)  -> (artifact id: '6b3a0f95f804dcce12d2f747aebbfdfc') in 0.017330 seconds 
========================================================================
Received Import Request.
  Time since last request: 0.000141 seconds.
  path: Assets/Materials/Blue_water_01.mat
  artifactKey: Guid(6f5f2a15a9b244653bb0d627d660825e) Importer(815301076,1909f56bfc062723c751e8b465ee728b)
Start importing Assets/Materials/Blue_water_01.mat using Guid(6f5f2a15a9b244653bb0d627d660825e) Importer(815301076,1909f56bfc062723c751e8b465ee728b)  -> (artifact id: '605b2cf2ce1052a0d007fec268b48213') in 0.019440 seconds 
========================================================================
Received Import Request.
  Time since last request: 0.000070 seconds.
  path: Assets/Materials/prop_asteroid_01_mat.mat
  artifactKey: Guid(583ff7026dac91849b7c7b2468ba456b) Importer(815301076,1909f56bfc062723c751e8b465ee728b)
Start importing Assets/Materials/prop_asteroid_01_mat.mat using Guid(583ff7026dac91849b7c7b2468ba456b) Importer(815301076,1909f56bfc062723c751e8b465ee728b)  -> (artifact id: '7fcd702ceb4072ec0d6ff12997dceb9a') in 0.023591 seconds 
========================================================================
Received Import Request.
  Time since last request: 0.000184 seconds.
  path: Assets/Audio/weapon_enemy.wav
  artifactKey: Guid(1be4472894949437694aead55c6da60f) Importer(815301076,1909f56bfc062723c751e8b465ee728b)
Start importing Assets/Audio/weapon_enemy.wav using Guid(1be4472894949437694aead55c6da60f) Importer(815301076,1909f56bfc062723c751e8b465ee728b)  -> (artifact id: '57054d4a3e20f4f5e1eefca645da49ab') in 0.016833 seconds 
========================================================================
Received Import Request.
  Time since last request: 0.000154 seconds.
  path: Assets/Models/vehicle_wedgePlayerShip_p2.FBX
  artifactKey: Guid(f8250b858bac540059cfd829c5845cb6) Importer(815301076,1909f56bfc062723c751e8b465ee728b)
Start importing Assets/Models/vehicle_wedgePlayerShip_p2.FBX using Guid(f8250b858bac540059cfd829c5845cb6) Importer(815301076,1909f56bfc062723c751e8b465ee728b)  -> (artifact id: 'd9ed9bbccd1237bad1ae7dc541372cd9') in 0.034310 seconds 
========================================================================
Received Import Request.
  Time since last request: 0.000071 seconds.
  path: Assets/Materials/vehicle_enemyShip_metal_mat.mat
  artifactKey: Guid(c547624e174de984882f0a14b4bb32e1) Importer(815301076,1909f56bfc062723c751e8b465ee728b)
Start importing Assets/Materials/vehicle_enemyShip_metal_mat.mat using Guid(c547624e174de984882f0a14b4bb32e1) Importer(815301076,1909f56bfc062723c751e8b465ee728b)  -> (artifact id: 'dcc3b8d29b868eb4641b3f5413fb89e7') in 0.021532 seconds 
========================================================================
Received Import Request.
  Time since last request: 0.000174 seconds.
  path: Assets/Materials/fx_enemyShip_engines_mat.mat
  artifactKey: Guid(1b4bad6cea5a94611b21f9757fe41444) Importer(815301076,1909f56bfc062723c751e8b465ee728b)
Start importing Assets/Materials/fx_enemyShip_engines_mat.mat using Guid(1b4bad6cea5a94611b21f9757fe41444) Importer(815301076,1909f56bfc062723c751e8b465ee728b)  -> (artifact id: 'ada622e363bbb9ba1ff61d8c65061688') in 0.020117 seconds 
========================================================================
Received Import Request.
  Time since last request: 0.000104 seconds.
  path: Assets/Materials/vehicle_playerShip_glass_mat_p1.mat
  artifactKey: Guid(f36c72c738c55f741afcd674a0b1245f) Importer(815301076,1909f56bfc062723c751e8b465ee728b)
Start importing Assets/Materials/vehicle_playerShip_glass_mat_p1.mat using Guid(f36c72c738c55f741afcd674a0b1245f) Importer(815301076,1909f56bfc062723c751e8b465ee728b)  -> (artifact id: '7c0f83a9b85adfa610d2130d241118ea') in 0.118697 seconds 
========================================================================
Received Import Request.
  Time since last request: 0.000177 seconds.
  path: Assets/Materials/part_jet_core_mat.mat
  artifactKey: Guid(c58c9afddbd36d14d837fa218d772996) Importer(815301076,1909f56bfc062723c751e8b465ee728b)
Start importing Assets/Materials/part_jet_core_mat.mat using Guid(c58c9afddbd36d14d837fa218d772996) Importer(815301076,1909f56bfc062723c751e8b465ee728b)  -> (artifact id: '6a7e031027357334fdf10eb5c9f04d69') in 0.020382 seconds 
========================================================================
Received Import Request.
  Time since last request: 0.000082 seconds.
  path: Assets/Materials/vehicle_enemyShip_zigzag_metal_mat.mat
  artifactKey: Guid(3a4faa0dc967c4a089befd454f1dabb4) Importer(815301076,1909f56bfc062723c751e8b465ee728b)
Start importing Assets/Materials/vehicle_enemyShip_zigzag_metal_mat.mat using Guid(3a4faa0dc967c4a089befd454f1dabb4) Importer(815301076,1909f56bfc062723c751e8b465ee728b)  -> (artifact id: '36ba88a925ff028536d969d1b9ce4536') in 0.226058 seconds 
========================================================================
Received Import Request.
  Time since last request: 0.000108 seconds.
  path: Assets/Materials/fx_lazer_orange_dff.mat
  artifactKey: Guid(48594979123644bfb95568285bd145c9) Importer(815301076,1909f56bfc062723c751e8b465ee728b)
Start importing Assets/Materials/fx_lazer_orange_dff.mat using Guid(48594979123644bfb95568285bd145c9) Importer(815301076,1909f56bfc062723c751e8b465ee728b)  -> (artifact id: '0895feec9410f883c7aca0a3982c3802') in 0.015874 seconds 
========================================================================
Received Import Request.
  Time since last request: 0.000207 seconds.
  path: Assets/Materials/vehicle_playerShip_metal_mat_p1.mat
  artifactKey: Guid(8940b037a9b441c4cbd3d2b446838424) Importer(815301076,1909f56bfc062723c751e8b465ee728b)
Start importing Assets/Materials/vehicle_playerShip_metal_mat_p1.mat using Guid(8940b037a9b441c4cbd3d2b446838424) Importer(815301076,1909f56bfc062723c751e8b465ee728b)  -> (artifact id: '0adb8b193b2f278cf926e8d65c09d376') in 0.020142 seconds 
========================================================================
Received Import Request.
  Time since last request: 0.000087 seconds.
  path: Assets/Materials/ISS-40_Typhoon_Halong.mat
  artifactKey: Guid(32441a25a47284921a28a586e94774e3) Importer(815301076,1909f56bfc062723c751e8b465ee728b)
Start importing Assets/Materials/ISS-40_Typhoon_Halong.mat using Guid(32441a25a47284921a28a586e94774e3) Importer(815301076,1909f56bfc062723c751e8b465ee728b)  -> (artifact id: 'bc5afd78eb4c1fb46a49d345f2010719') in 0.020114 seconds 
========================================================================
Received Import Request.
  Time since last request: 0.000091 seconds.
  path: Assets/Audio/explosion_enemy.wav
  artifactKey: Guid(72e76810224064300b7d32e8322a5d12) Importer(815301076,1909f56bfc062723c751e8b465ee728b)
Start importing Assets/Audio/explosion_enemy.wav using Guid(72e76810224064300b7d32e8322a5d12) Importer(815301076,1909f56bfc062723c751e8b465ee728b)  -> (artifact id: 'e6813cd57ce0dfbb471c4471db442448') in 0.014836 seconds 
========================================================================
Received Import Request.
  Time since last request: 0.000144 seconds.
  path: Assets/Models/vehicle_rcFlyer_clean.fbx
  artifactKey: Guid(dd8c80a5a447f04418da146781b05fd8) Importer(815301076,1909f56bfc062723c751e8b465ee728b)
Start importing Assets/Models/vehicle_rcFlyer_clean.fbx using Guid(dd8c80a5a447f04418da146781b05fd8) Importer(815301076,1909f56bfc062723c751e8b465ee728b)  -> (artifact id: 'e499d265d37e3f439bad25ba87ba62fe') in 0.456110 seconds 
========================================================================
Received Prepare
Registering precompiled user dll's ...
Registered in 0.004825 seconds.
Begin MonoManager ReloadAssembly
Symbol file LoadedFromMemory doesn't match image /Users/nathan/workspace/Space_Evil/Library/PackageCache/com.unity.visualscripting@1.7.8/Editor/VisualScripting.Core/Dependencies/YamlDotNet/Unity.VisualScripting.YamlDotNet.dll
Symbol file LoadedFromMemory doesn't match image /Users/nathan/workspace/Space_Evil/Library/PackageCache/com.unity.visualscripting@1.7.8/Editor/VisualScripting.Core/Dependencies/DotNetZip/Unity.VisualScripting.IonicZip.dll
Native extension for OSXStandalone target not found
Native extension for WebGL target not found
Refreshing native plugins compatible for Editor in 0.81 ms, found 2 plugins.
Preloading 0 native plugins for Editor in 0.00 ms.
Mono: successfully reloaded assembly
- Completed reload, in  1.684 seconds
Domain Reload Profiling:
	ReloadAssembly (1685ms)
		BeginReloadAssembly (157ms)
			ExecutionOrderSort (0ms)
			DisableScriptedObjects (5ms)
			BackupInstance (0ms)
			ReleaseScriptingObjects (0ms)
			CreateAndSetChildDomain (51ms)
		EndReloadAssembly (1398ms)
			LoadAssemblies (108ms)
			RebuildTransferFunctionScriptingTraits (0ms)
			SetupTypeCache (381ms)
			ReleaseScriptCaches (3ms)
			RebuildScriptCaches (89ms)
			SetupLoadedEditorAssemblies (701ms)
				LogAssemblyErrors (0ms)
				InitializePlatformSupportModulesInManaged (17ms)
				SetLoadedEditorAssemblies (1ms)
				RefreshPlugins (1ms)
				BeforeProcessingInitializeOnLoad (91ms)
				ProcessInitializeOnLoadAttributes (526ms)
				ProcessInitializeOnLoadMethodAttributes (62ms)
				AfterProcessingInitializeOnLoad (2ms)
				EditorAssembliesLoaded (1ms)
			ExecutionOrderSort2 (0ms)
			AwakeInstancesAfterBackupRestoration (8ms)
Platform modules already initialized, skipping
Refreshing native plugins compatible for Editor in 3.44 ms, found 2 plugins.
Preloading 0 native plugins for Editor in 0.00 ms.
Unloading 3736 Unused Serialized files (Serialized files now loaded: 0)
Unloading 18 unused Assets / (22.0 KB). Loaded Objects now: 4272.
Memory consumption went from 269.7 MB to 269.7 MB.
Total: 5.188710 ms (FindLiveObjects: 0.330444 ms CreateObjectMapping: 0.468304 ms MarkObjects: 4.339352 ms  DeleteObjects: 0.049145 ms)

AssetImportParameters requested are different than current active one (requested -> active):
  custom:video-decoder-ogg-theora: a1e56fd34408186e4bbccfd4996cb3dc -> 
  custom:container-muxer-webm: aa71ff27fc2769a1b78a27578f13a17b -> 
  custom:container-demuxer-webm: 4f35f7cbe854078d1ac9338744f61a02 -> 
  custom:video-encoder-webm-vp8: eb34c28f22e8b96e1ab97ce403110664 -> 
  custom:framework-osx-AVFoundation: e770b220cccbd017edd2c1fefb359320 -> 
  custom:audio-encoder-webm-vorbis: bf7c407c2cedff20999df2af8eb42d56 -> 
  custom:container-demuxer-ogg: 62fdf1f143b41e24485cea50d1cbac27 -> 
  custom:video-decoder-webm-vp8: 9c59270c3fd7afecdb556c50c9e8de78 -> 
  custom:audio-decoder-ogg-vorbis: bf7c407c2cedff20999df2af8eb42d56 -> 
========================================================================
Received Import Request.
  Time since last request: 98.683615 seconds.
  path: Assets/Scenes/Drag And Drop.unity
  artifactKey: Guid(40116c4af15e1444f8e21d1de1f4678f) Importer(815301076,1909f56bfc062723c751e8b465ee728b)
Start importing Assets/Scenes/Drag And Drop.unity using Guid(40116c4af15e1444f8e21d1de1f4678f) Importer(815301076,1909f56bfc062723c751e8b465ee728b)  -> (artifact id: 'f0b722dec2ee6f83dc18531ac6bf5ffa') in 0.012696 seconds 
========================================================================
Received Import Request.
  Time since last request: 25.676377 seconds.
  path: Assets/Scenes/Draggable Panel.unity
  artifactKey: Guid(838436750d0cf48a685923371f66cea6) Importer(815301076,1909f56bfc062723c751e8b465ee728b)
Start importing Assets/Scenes/Draggable Panel.unity using Guid(838436750d0cf48a685923371f66cea6) Importer(815301076,1909f56bfc062723c751e8b465ee728b)  -> (artifact id: 'a513d6de2e7f96bb13cc32bfb47c82ab') in 0.001480 seconds 
========================================================================
Received Import Request.
  Time since last request: 8.568252 seconds.
  path: Assets/Scenes/Layout Groups.unity
  artifactKey: Guid(13b46e70f240943ccb1f2665a779f3a6) Importer(815301076,1909f56bfc062723c751e8b465ee728b)
Start importing Assets/Scenes/Layout Groups.unity using Guid(13b46e70f240943ccb1f2665a779f3a6) Importer(815301076,1909f56bfc062723c751e8b465ee728b)  -> (artifact id: '22ac6ef61c2ba4bf211d3389e9873cdf') in 0.003271 seconds 
========================================================================
Received Import Request.
  Time since last request: 2.491894 seconds.
  path: Assets/Scenes/level_1.unity
  artifactKey: Guid(f569458f66ceb4a3e9a548c2498d669f) Importer(815301076,1909f56bfc062723c751e8b465ee728b)
Start importing Assets/Scenes/level_1.unity using Guid(f569458f66ceb4a3e9a548c2498d669f) Importer(815301076,1909f56bfc062723c751e8b465ee728b)  -> (artifact id: 'd2ec0b89451e34c5496c85776a54f138') in 0.001429 seconds 
========================================================================
Received Import Request.
  Time since last request: 1.112722 seconds.
  path: Assets/Scenes/Lighting.unity
  artifactKey: Guid(f7590198924b11e47b1b33cdd7ec91ac) Importer(815301076,1909f56bfc062723c751e8b465ee728b)
Start importing Assets/Scenes/Lighting.unity using Guid(f7590198924b11e47b1b33cdd7ec91ac) Importer(815301076,1909f56bfc062723c751e8b465ee728b)  -> (artifact id: '9122f809de15b5a1a8ba5fc4e27688fb') in 0.002062 seconds 
========================================================================
Received Import Request.
  Time since last request: 1.860926 seconds.
  path: Assets/Scenes/MainMenu.unity
  artifactKey: Guid(fa0913115ac1d4fba8b9d10280f4b04d) Importer(815301076,1909f56bfc062723c751e8b465ee728b)
Start importing Assets/Scenes/MainMenu.unity using Guid(fa0913115ac1d4fba8b9d10280f4b04d) Importer(815301076,1909f56bfc062723c751e8b465ee728b)  -> (artifact id: '31859937b4e77526189829a009e7399e') in 0.001956 seconds 
========================================================================
Received Import Request.
  Time since last request: 0.980463 seconds.
  path: Assets/Scenes/RenderTexture.unity
  artifactKey: Guid(d5545059c6381d848ab3d612c68f2669) Importer(815301076,1909f56bfc062723c751e8b465ee728b)
Start importing Assets/Scenes/RenderTexture.unity using Guid(d5545059c6381d848ab3d612c68f2669) Importer(815301076,1909f56bfc062723c751e8b465ee728b)  -> (artifact id: '41f0de6c55bcbdc63829cea22defd77d') in 0.001670 seconds 
========================================================================
Received Import Request.
  Time since last request: 1.610539 seconds.
  path: Assets/Scenes/ship_customization.unity
  artifactKey: Guid(5f2aaeb1bd751453e9ec6a94c7cca8e2) Importer(815301076,1909f56bfc062723c751e8b465ee728b)
Start importing Assets/Scenes/ship_customization.unity using Guid(5f2aaeb1bd751453e9ec6a94c7cca8e2) Importer(815301076,1909f56bfc062723c751e8b465ee728b)  -> (artifact id: '49a5dce8473fc24adf37dbbff4d17a62') in 0.002489 seconds 
========================================================================
Received Prepare
Registering precompiled user dll's ...
Registered in 0.004616 seconds.
Begin MonoManager ReloadAssembly
Symbol file LoadedFromMemory doesn't match image /Users/nathan/workspace/Space_Evil/Library/PackageCache/com.unity.visualscripting@1.7.8/Editor/VisualScripting.Core/Dependencies/YamlDotNet/Unity.VisualScripting.YamlDotNet.dll
Symbol file LoadedFromMemory doesn't match image /Users/nathan/workspace/Space_Evil/Library/PackageCache/com.unity.visualscripting@1.7.8/Editor/VisualScripting.Core/Dependencies/DotNetZip/Unity.VisualScripting.IonicZip.dll
Native extension for OSXStandalone target not found
Native extension for WebGL target not found
Refreshing native plugins compatible for Editor in 1.55 ms, found 2 plugins.
Preloading 0 native plugins for Editor in 0.00 ms.
Mono: successfully reloaded assembly
- Completed reload, in  1.682 seconds
Domain Reload Profiling:
	ReloadAssembly (1683ms)
		BeginReloadAssembly (151ms)
			ExecutionOrderSort (0ms)
			DisableScriptedObjects (5ms)
			BackupInstance (0ms)
			ReleaseScriptingObjects (0ms)
			CreateAndSetChildDomain (47ms)
		EndReloadAssembly (1411ms)
			LoadAssemblies (106ms)
			RebuildTransferFunctionScriptingTraits (0ms)
			SetupTypeCache (377ms)
			ReleaseScriptCaches (2ms)
			RebuildScriptCaches (86ms)
			SetupLoadedEditorAssemblies (729ms)
				LogAssemblyErrors (0ms)
				InitializePlatformSupportModulesInManaged (16ms)
				SetLoadedEditorAssemblies (1ms)
				RefreshPlugins (2ms)
				BeforeProcessingInitializeOnLoad (96ms)
				ProcessInitializeOnLoadAttributes (545ms)
				ProcessInitializeOnLoadMethodAttributes (67ms)
				AfterProcessingInitializeOnLoad (2ms)
				EditorAssembliesLoaded (0ms)
			ExecutionOrderSort2 (0ms)
			AwakeInstancesAfterBackupRestoration (8ms)
Platform modules already initialized, skipping
Refreshing native plugins compatible for Editor in 5.29 ms, found 2 plugins.
Preloading 0 native plugins for Editor in 0.00 ms.
Unloading 3736 Unused Serialized files (Serialized files now loaded: 0)
Unloading 18 unused Assets / (21.9 KB). Loaded Objects now: 4276.
Memory consumption went from 270.0 MB to 270.0 MB.
Total: 3.130375 ms (FindLiveObjects: 0.225397 ms CreateObjectMapping: 0.149997 ms MarkObjects: 2.727659 ms  DeleteObjects: 0.026337 ms)

AssetImportParameters requested are different than current active one (requested -> active):
  custom:video-decoder-ogg-theora: a1e56fd34408186e4bbccfd4996cb3dc -> 
  custom:container-muxer-webm: aa71ff27fc2769a1b78a27578f13a17b -> 
  custom:container-demuxer-webm: 4f35f7cbe854078d1ac9338744f61a02 -> 
  custom:video-encoder-webm-vp8: eb34c28f22e8b96e1ab97ce403110664 -> 
  custom:framework-osx-AVFoundation: e770b220cccbd017edd2c1fefb359320 -> 
  custom:audio-encoder-webm-vorbis: bf7c407c2cedff20999df2af8eb42d56 -> 
  custom:container-demuxer-ogg: 62fdf1f143b41e24485cea50d1cbac27 -> 
  custom:video-decoder-webm-vp8: 9c59270c3fd7afecdb556c50c9e8de78 -> 
  custom:audio-decoder-ogg-vorbis: bf7c407c2cedff20999df2af8eb42d56 -> 
========================================================================
Received Prepare
Registering precompiled user dll's ...
Registered in 0.004510 seconds.
Begin MonoManager ReloadAssembly
Symbol file LoadedFromMemory doesn't match image /Users/nathan/workspace/Space_Evil/Library/PackageCache/com.unity.visualscripting@1.7.8/Editor/VisualScripting.Core/Dependencies/YamlDotNet/Unity.VisualScripting.YamlDotNet.dll
Symbol file LoadedFromMemory doesn't match image /Users/nathan/workspace/Space_Evil/Library/PackageCache/com.unity.visualscripting@1.7.8/Editor/VisualScripting.Core/Dependencies/DotNetZip/Unity.VisualScripting.IonicZip.dll
Native extension for OSXStandalone target not found
Native extension for WebGL target not found
Refreshing native plugins compatible for Editor in 1.48 ms, found 2 plugins.
Preloading 0 native plugins for Editor in 0.00 ms.
Mono: successfully reloaded assembly
- Completed reload, in  1.640 seconds
Domain Reload Profiling:
	ReloadAssembly (1641ms)
		BeginReloadAssembly (155ms)
			ExecutionOrderSort (0ms)
			DisableScriptedObjects (5ms)
			BackupInstance (0ms)
			ReleaseScriptingObjects (0ms)
			CreateAndSetChildDomain (48ms)
		EndReloadAssembly (1374ms)
			LoadAssemblies (109ms)
			RebuildTransferFunctionScriptingTraits (0ms)
			SetupTypeCache (377ms)
			ReleaseScriptCaches (3ms)
			RebuildScriptCaches (87ms)
			SetupLoadedEditorAssemblies (685ms)
				LogAssemblyErrors (0ms)
				InitializePlatformSupportModulesInManaged (21ms)
				SetLoadedEditorAssemblies (1ms)
				RefreshPlugins (2ms)
				BeforeProcessingInitializeOnLoad (98ms)
				ProcessInitializeOnLoadAttributes (501ms)
				ProcessInitializeOnLoadMethodAttributes (60ms)
				AfterProcessingInitializeOnLoad (2ms)
				EditorAssembliesLoaded (1ms)
			ExecutionOrderSort2 (0ms)
			AwakeInstancesAfterBackupRestoration (6ms)
Platform modules already initialized, skipping
Refreshing native plugins compatible for Editor in 2.56 ms, found 2 plugins.
Preloading 0 native plugins for Editor in 0.00 ms.
Unloading 3736 Unused Serialized files (Serialized files now loaded: 0)
Unloading 18 unused Assets / (22.0 KB). Loaded Objects now: 4280.
Memory consumption went from 270.2 MB to 270.2 MB.
Total: 5.139471 ms (FindLiveObjects: 0.506159 ms CreateObjectMapping: 0.165366 ms MarkObjects: 4.433470 ms  DeleteObjects: 0.032420 ms)

AssetImportParameters requested are different than current active one (requested -> active):
  custom:video-decoder-ogg-theora: a1e56fd34408186e4bbccfd4996cb3dc -> 
  custom:container-muxer-webm: aa71ff27fc2769a1b78a27578f13a17b -> 
  custom:container-demuxer-webm: 4f35f7cbe854078d1ac9338744f61a02 -> 
  custom:video-encoder-webm-vp8: eb34c28f22e8b96e1ab97ce403110664 -> 
  custom:framework-osx-AVFoundation: e770b220cccbd017edd2c1fefb359320 -> 
  custom:audio-encoder-webm-vorbis: bf7c407c2cedff20999df2af8eb42d56 -> 
  custom:container-demuxer-ogg: 62fdf1f143b41e24485cea50d1cbac27 -> 
  custom:video-decoder-webm-vp8: 9c59270c3fd7afecdb556c50c9e8de78 -> 
  custom:audio-decoder-ogg-vorbis: bf7c407c2cedff20999df2af8eb42d56 -> 
========================================================================
Received Import Request.
  Time since last request: 507.084569 seconds.
  path: Assets/Scripts/Controllers/GameController.cs
  artifactKey: Guid(f36a40537618f4ce4ad634b8c6b11d8c) Importer(815301076,1909f56bfc062723c751e8b465ee728b)
Start importing Assets/Scripts/Controllers/GameController.cs using Guid(f36a40537618f4ce4ad634b8c6b11d8c) Importer(815301076,1909f56bfc062723c751e8b465ee728b)  -> (artifact id: '7cf9838fdc37afac7db9b9dbbc5b6fca') in 0.423659 seconds 
========================================================================
Received Import Request.
  Time since last request: 5.674169 seconds.
  path: Assets/Scripts/Controllers/BackgroundScroller.cs
  artifactKey: Guid(fa3b366e9b0754d548b543c9d7aa013e) Importer(815301076,1909f56bfc062723c751e8b465ee728b)
Start importing Assets/Scripts/Controllers/BackgroundScroller.cs using Guid(fa3b366e9b0754d548b543c9d7aa013e) Importer(815301076,1909f56bfc062723c751e8b465ee728b)  -> (artifact id: '2c4f63291ca78a286744ffcce4d91243') in 0.001983 seconds 
========================================================================
Received Prepare
Registering precompiled user dll's ...
Registered in 0.004118 seconds.
Begin MonoManager ReloadAssembly
Symbol file LoadedFromMemory doesn't match image /Users/nathan/workspace/Space_Evil/Library/PackageCache/com.unity.visualscripting@1.7.8/Editor/VisualScripting.Core/Dependencies/YamlDotNet/Unity.VisualScripting.YamlDotNet.dll
Symbol file LoadedFromMemory doesn't match image /Users/nathan/workspace/Space_Evil/Library/PackageCache/com.unity.visualscripting@1.7.8/Editor/VisualScripting.Core/Dependencies/DotNetZip/Unity.VisualScripting.IonicZip.dll
Native extension for OSXStandalone target not found
Native extension for WebGL target not found
Refreshing native plugins compatible for Editor in 1.29 ms, found 2 plugins.
Preloading 0 native plugins for Editor in 0.00 ms.
Mono: successfully reloaded assembly
- Completed reload, in  1.687 seconds
Domain Reload Profiling:
	ReloadAssembly (1689ms)
		BeginReloadAssembly (150ms)
			ExecutionOrderSort (0ms)
			DisableScriptedObjects (7ms)
			BackupInstance (0ms)
			ReleaseScriptingObjects (0ms)
			CreateAndSetChildDomain (44ms)
		EndReloadAssembly (1411ms)
			LoadAssemblies (105ms)
			RebuildTransferFunctionScriptingTraits (0ms)
			SetupTypeCache (361ms)
			ReleaseScriptCaches (2ms)
			RebuildScriptCaches (92ms)
			SetupLoadedEditorAssemblies (738ms)
				LogAssemblyErrors (0ms)
				InitializePlatformSupportModulesInManaged (18ms)
				SetLoadedEditorAssemblies (1ms)
				RefreshPlugins (1ms)
				BeforeProcessingInitializeOnLoad (92ms)
				ProcessInitializeOnLoadAttributes (558ms)
				ProcessInitializeOnLoadMethodAttributes (64ms)
				AfterProcessingInitializeOnLoad (2ms)
				EditorAssembliesLoaded (0ms)
			ExecutionOrderSort2 (0ms)
			AwakeInstancesAfterBackupRestoration (7ms)
Platform modules already initialized, skipping
Refreshing native plugins compatible for Editor in 5.14 ms, found 2 plugins.
Preloading 0 native plugins for Editor in 0.00 ms.
Unloading 3736 Unused Serialized files (Serialized files now loaded: 0)
Unloading 18 unused Assets / (22.0 KB). Loaded Objects now: 4284.
Memory consumption went from 274.6 MB to 274.5 MB.
Total: 4.881247 ms (FindLiveObjects: 0.300270 ms CreateObjectMapping: 0.153112 ms MarkObjects: 4.390379 ms  DeleteObjects: 0.035678 ms)

AssetImportParameters requested are different than current active one (requested -> active):
  custom:video-decoder-ogg-theora: a1e56fd34408186e4bbccfd4996cb3dc -> 
  custom:container-muxer-webm: aa71ff27fc2769a1b78a27578f13a17b -> 
  custom:container-demuxer-webm: 4f35f7cbe854078d1ac9338744f61a02 -> 
  custom:video-encoder-webm-vp8: eb34c28f22e8b96e1ab97ce403110664 -> 
  custom:framework-osx-AVFoundation: e770b220cccbd017edd2c1fefb359320 -> 
  custom:audio-encoder-webm-vorbis: bf7c407c2cedff20999df2af8eb42d56 -> 
  custom:container-demuxer-ogg: 62fdf1f143b41e24485cea50d1cbac27 -> 
  custom:video-decoder-webm-vp8: 9c59270c3fd7afecdb556c50c9e8de78 -> 
  custom:audio-decoder-ogg-vorbis: bf7c407c2cedff20999df2af8eb42d56 -> 
========================================================================
Received Prepare
Registering precompiled user dll's ...
Registered in 0.005567 seconds.
Begin MonoManager ReloadAssembly
Symbol file LoadedFromMemory doesn't match image /Users/nathan/workspace/Space_Evil/Library/PackageCache/com.unity.visualscripting@1.7.8/Editor/VisualScripting.Core/Dependencies/YamlDotNet/Unity.VisualScripting.YamlDotNet.dll
Symbol file LoadedFromMemory doesn't match image /Users/nathan/workspace/Space_Evil/Library/PackageCache/com.unity.visualscripting@1.7.8/Editor/VisualScripting.Core/Dependencies/DotNetZip/Unity.VisualScripting.IonicZip.dll
Native extension for OSXStandalone target not found
Native extension for WebGL target not found
Refreshing native plugins compatible for Editor in 0.86 ms, found 2 plugins.
Preloading 0 native plugins for Editor in 0.00 ms.
Mono: successfully reloaded assembly
- Completed reload, in  1.555 seconds
Domain Reload Profiling:
	ReloadAssembly (1556ms)
		BeginReloadAssembly (148ms)
			ExecutionOrderSort (0ms)
			DisableScriptedObjects (6ms)
			BackupInstance (0ms)
			ReleaseScriptingObjects (0ms)
			CreateAndSetChildDomain (45ms)
		EndReloadAssembly (1296ms)
			LoadAssemblies (105ms)
			RebuildTransferFunctionScriptingTraits (0ms)
			SetupTypeCache (322ms)
			ReleaseScriptCaches (2ms)
			RebuildScriptCaches (84ms)
			SetupLoadedEditorAssemblies (690ms)
				LogAssemblyErrors (0ms)
				InitializePlatformSupportModulesInManaged (16ms)
				SetLoadedEditorAssemblies (1ms)
				RefreshPlugins (1ms)
				BeforeProcessingInitializeOnLoad (82ms)
				ProcessInitializeOnLoadAttributes (532ms)
				ProcessInitializeOnLoadMethodAttributes (57ms)
				AfterProcessingInitializeOnLoad (1ms)
				EditorAssembliesLoaded (0ms)
			ExecutionOrderSort2 (0ms)
			AwakeInstancesAfterBackupRestoration (8ms)
Platform modules already initialized, skipping
Refreshing native plugins compatible for Editor in 2.33 ms, found 2 plugins.
Preloading 0 native plugins for Editor in 0.00 ms.
Unloading 3736 Unused Serialized files (Serialized files now loaded: 0)
Unloading 18 unused Assets / (21.9 KB). Loaded Objects now: 4288.
Memory consumption went from 274.8 MB to 274.8 MB.
Total: 4.918841 ms (FindLiveObjects: 0.234126 ms CreateObjectMapping: 0.186498 ms MarkObjects: 4.437953 ms  DeleteObjects: 0.058817 ms)

AssetImportParameters requested are different than current active one (requested -> active):
  custom:video-decoder-ogg-theora: a1e56fd34408186e4bbccfd4996cb3dc -> 
  custom:container-muxer-webm: aa71ff27fc2769a1b78a27578f13a17b -> 
  custom:container-demuxer-webm: 4f35f7cbe854078d1ac9338744f61a02 -> 
  custom:video-encoder-webm-vp8: eb34c28f22e8b96e1ab97ce403110664 -> 
  custom:framework-osx-AVFoundation: e770b220cccbd017edd2c1fefb359320 -> 
  custom:audio-encoder-webm-vorbis: bf7c407c2cedff20999df2af8eb42d56 -> 
  custom:container-demuxer-ogg: 62fdf1f143b41e24485cea50d1cbac27 -> 
  custom:video-decoder-webm-vp8: 9c59270c3fd7afecdb556c50c9e8de78 -> 
  custom:audio-decoder-ogg-vorbis: bf7c407c2cedff20999df2af8eb42d56 -> 
========================================================================
Received Import Request.
  Time since last request: 519.854005 seconds.
  path: Packages/com.unity.ugui/Runtime/UnityEngine.UI.asmdef
  artifactKey: Guid(2bafac87e7f4b9b418d9448d219b01ab) Importer(815301076,1909f56bfc062723c751e8b465ee728b)
Start importing Packages/com.unity.ugui/Runtime/UnityEngine.UI.asmdef using Guid(2bafac87e7f4b9b418d9448d219b01ab) Importer(815301076,1909f56bfc062723c751e8b465ee728b)  -> (artifact id: 'a121ff337f08b40fd37064cbceeb2855') in 0.158547 seconds 
========================================================================
Received Import Request.
  Time since last request: 2.597665 seconds.
  path: Packages/com.unity.ugui/package.json
  artifactKey: Guid(319b8889f363f5947acf209c17a94149) Importer(815301076,1909f56bfc062723c751e8b465ee728b)
Start importing Packages/com.unity.ugui/package.json using Guid(319b8889f363f5947acf209c17a94149) Importer(815301076,1909f56bfc062723c751e8b465ee728b)  -> (artifact id: '64254318129974c37bad68b4211105ad') in 0.439352 seconds 
========================================================================
Received Import Request.
  Time since last request: 34.173590 seconds.
  path: Assets/Scripts/Movement/Mover.cs
  artifactKey: Guid(8d493c39736c44e4ba829eabaa4f7c65) Importer(815301076,1909f56bfc062723c751e8b465ee728b)
Start importing Assets/Scripts/Movement/Mover.cs using Guid(8d493c39736c44e4ba829eabaa4f7c65) Importer(815301076,1909f56bfc062723c751e8b465ee728b)  -> (artifact id: 'a309bece02485e7a9ab4a0640331e865') in 0.003030 seconds 
========================================================================
Received Import Request.
  Time since last request: 12.299521 seconds.
  path: Assets/Scripts/Movement/RandomRotator.cs
  artifactKey: Guid(c45ea4b84cf814fe98bebdde2a21ba8f) Importer(815301076,1909f56bfc062723c751e8b465ee728b)
Start importing Assets/Scripts/Movement/RandomRotator.cs using Guid(c45ea4b84cf814fe98bebdde2a21ba8f) Importer(815301076,1909f56bfc062723c751e8b465ee728b)  -> (artifact id: '253263eca8963eea68ba3a71ac1a0c9b') in 0.002044 seconds 
========================================================================
Received Import Request.
  Time since last request: 6.165071 seconds.
  path: Assets/Scripts/Movement/ZigZagMover01.cs
  artifactKey: Guid(08ce72225755e4a718a1033dba56932f) Importer(815301076,1909f56bfc062723c751e8b465ee728b)
Start importing Assets/Scripts/Movement/ZigZagMover01.cs using Guid(08ce72225755e4a718a1033dba56932f) Importer(815301076,1909f56bfc062723c751e8b465ee728b)  -> (artifact id: 'e194f194c366149f0f91d2db75abd498') in 0.002267 seconds 
========================================================================
Received Import Request.
  Time since last request: 7.577555 seconds.
  path: Assets/Scripts/Movement/EvasiveManeuver2.cs
  artifactKey: Guid(64c2629ca76b644c1b816589692e43ba) Importer(815301076,1909f56bfc062723c751e8b465ee728b)
Start importing Assets/Scripts/Movement/EvasiveManeuver2.cs using Guid(64c2629ca76b644c1b816589692e43ba) Importer(815301076,1909f56bfc062723c751e8b465ee728b)  -> (artifact id: '42fef804b6b96de520515ee389a503ec') in 0.003079 seconds 
========================================================================
Received Import Request.
  Time since last request: 1.295783 seconds.
  path: Assets/Scripts/Movement/EvasiveManeuver1.cs
  artifactKey: Guid(5c7a3f54581f04e21b1bb5ec0ec491e1) Importer(815301076,1909f56bfc062723c751e8b465ee728b)
Start importing Assets/Scripts/Movement/EvasiveManeuver1.cs using Guid(5c7a3f54581f04e21b1bb5ec0ec491e1) Importer(815301076,1909f56bfc062723c751e8b465ee728b)  -> (artifact id: '0281974d9b740db0856b5ac84e1c8b17') in 0.002737 seconds 
========================================================================
Received Import Request.
  Time since last request: 1.700854 seconds.
  path: Assets/Scripts/Movement/Boss_Mover_01.cs
  artifactKey: Guid(f239421e56d924df7bc7761fa814fb58) Importer(815301076,1909f56bfc062723c751e8b465ee728b)
Start importing Assets/Scripts/Movement/Boss_Mover_01.cs using Guid(f239421e56d924df7bc7761fa814fb58) Importer(815301076,1909f56bfc062723c751e8b465ee728b)  -> (artifact id: '86313e886c6020055291c2d8723f0997') in 0.003615 seconds 
========================================================================
Received Import Request.
  Time since last request: 47.913986 seconds.
  path: Assets/Scripts/Movement/PlayerMovement.cs
  artifactKey: Guid(323a65543f95c4f29bc46bb5393661a3) Importer(815301076,1909f56bfc062723c751e8b465ee728b)
Start importing Assets/Scripts/Movement/PlayerMovement.cs using Guid(323a65543f95c4f29bc46bb5393661a3) Importer(815301076,1909f56bfc062723c751e8b465ee728b)  -> (artifact id: '10f1dfc1a54def26cccddbc7a40406b5') in 0.002653 seconds 
========================================================================
Received Prepare
Registering precompiled user dll's ...
Registered in 0.003680 seconds.
Begin MonoManager ReloadAssembly
Symbol file LoadedFromMemory doesn't match image /Users/nathan/workspace/Space_Evil/Library/PackageCache/com.unity.visualscripting@1.7.8/Editor/VisualScripting.Core/Dependencies/YamlDotNet/Unity.VisualScripting.YamlDotNet.dll
Symbol file LoadedFromMemory doesn't match image /Users/nathan/workspace/Space_Evil/Library/PackageCache/com.unity.visualscripting@1.7.8/Editor/VisualScripting.Core/Dependencies/DotNetZip/Unity.VisualScripting.IonicZip.dll
Native extension for OSXStandalone target not found
Native extension for WebGL target not found
Refreshing native plugins compatible for Editor in 1.06 ms, found 2 plugins.
Preloading 0 native plugins for Editor in 0.00 ms.
Mono: successfully reloaded assembly
- Completed reload, in  2.431 seconds
Domain Reload Profiling:
	ReloadAssembly (2433ms)
		BeginReloadAssembly (184ms)
			ExecutionOrderSort (0ms)
			DisableScriptedObjects (11ms)
			BackupInstance (0ms)
			ReleaseScriptingObjects (0ms)
			CreateAndSetChildDomain (55ms)
		EndReloadAssembly (2111ms)
			LoadAssemblies (115ms)
			RebuildTransferFunctionScriptingTraits (0ms)
			SetupTypeCache (540ms)
			ReleaseScriptCaches (2ms)
			RebuildScriptCaches (132ms)
			SetupLoadedEditorAssemblies (1130ms)
				LogAssemblyErrors (0ms)
				InitializePlatformSupportModulesInManaged (25ms)
				SetLoadedEditorAssemblies (1ms)
				RefreshPlugins (1ms)
				BeforeProcessingInitializeOnLoad (161ms)
				ProcessInitializeOnLoadAttributes (850ms)
				ProcessInitializeOnLoadMethodAttributes (90ms)
				AfterProcessingInitializeOnLoad (2ms)
				EditorAssembliesLoaded (0ms)
			ExecutionOrderSort2 (0ms)
			AwakeInstancesAfterBackupRestoration (10ms)
Platform modules already initialized, skipping
Refreshing native plugins compatible for Editor in 5.35 ms, found 2 plugins.
Preloading 0 native plugins for Editor in 0.00 ms.
Unloading 3737 Unused Serialized files (Serialized files now loaded: 0)
Unloading 18 unused Assets / (22.0 KB). Loaded Objects now: 4293.
Memory consumption went from 283.3 MB to 283.3 MB.
Total: 3.345156 ms (FindLiveObjects: 0.250141 ms CreateObjectMapping: 0.156190 ms MarkObjects: 2.895702 ms  DeleteObjects: 0.041354 ms)

AssetImportParameters requested are different than current active one (requested -> active):
  custom:video-decoder-ogg-theora: a1e56fd34408186e4bbccfd4996cb3dc -> 
  custom:container-muxer-webm: aa71ff27fc2769a1b78a27578f13a17b -> 
  custom:container-demuxer-webm: 4f35f7cbe854078d1ac9338744f61a02 -> 
  custom:video-encoder-webm-vp8: eb34c28f22e8b96e1ab97ce403110664 -> 
  custom:framework-osx-AVFoundation: e770b220cccbd017edd2c1fefb359320 -> 
  custom:audio-encoder-webm-vorbis: bf7c407c2cedff20999df2af8eb42d56 -> 
  custom:container-demuxer-ogg: 62fdf1f143b41e24485cea50d1cbac27 -> 
  custom:video-decoder-webm-vp8: 9c59270c3fd7afecdb556c50c9e8de78 -> 
  custom:audio-decoder-ogg-vorbis: bf7c407c2cedff20999df2af8eb42d56 -> 
========================================================================
Received Prepare
Registering precompiled user dll's ...
Registered in 0.004771 seconds.
Begin MonoManager ReloadAssembly
Symbol file LoadedFromMemory doesn't match image /Users/nathan/workspace/Space_Evil/Library/PackageCache/com.unity.visualscripting@1.7.8/Editor/VisualScripting.Core/Dependencies/YamlDotNet/Unity.VisualScripting.YamlDotNet.dll
Symbol file LoadedFromMemory doesn't match image /Users/nathan/workspace/Space_Evil/Library/PackageCache/com.unity.visualscripting@1.7.8/Editor/VisualScripting.Core/Dependencies/DotNetZip/Unity.VisualScripting.IonicZip.dll
Native extension for OSXStandalone target not found
Native extension for WebGL target not found
Refreshing native plugins compatible for Editor in 0.67 ms, found 2 plugins.
Preloading 0 native plugins for Editor in 0.00 ms.
Mono: successfully reloaded assembly
- Completed reload, in  1.112 seconds
Domain Reload Profiling:
	ReloadAssembly (1113ms)
		BeginReloadAssembly (134ms)
			ExecutionOrderSort (0ms)
			DisableScriptedObjects (5ms)
			BackupInstance (0ms)
			ReleaseScriptingObjects (0ms)
			CreateAndSetChildDomain (44ms)
		EndReloadAssembly (872ms)
			LoadAssemblies (86ms)
			RebuildTransferFunctionScriptingTraits (0ms)
			SetupTypeCache (267ms)
			ReleaseScriptCaches (1ms)
			RebuildScriptCaches (49ms)
			SetupLoadedEditorAssemblies (410ms)
				LogAssemblyErrors (0ms)
				InitializePlatformSupportModulesInManaged (10ms)
				SetLoadedEditorAssemblies (1ms)
				RefreshPlugins (1ms)
				BeforeProcessingInitializeOnLoad (56ms)
				ProcessInitializeOnLoadAttributes (308ms)
				ProcessInitializeOnLoadMethodAttributes (34ms)
				AfterProcessingInitializeOnLoad (1ms)
				EditorAssembliesLoaded (0ms)
			ExecutionOrderSort2 (0ms)
			AwakeInstancesAfterBackupRestoration (4ms)
Platform modules already initialized, skipping
Refreshing native plugins compatible for Editor in 3.57 ms, found 2 plugins.
Preloading 0 native plugins for Editor in 0.00 ms.
Unloading 3737 Unused Serialized files (Serialized files now loaded: 0)
Unloading 18 unused Assets / (21.9 KB). Loaded Objects now: 4297.
Memory consumption went from 283.6 MB to 283.5 MB.
Total: 3.182647 ms (FindLiveObjects: 0.225022 ms CreateObjectMapping: 0.144510 ms MarkObjects: 2.762364 ms  DeleteObjects: 0.049667 ms)

AssetImportParameters requested are different than current active one (requested -> active):
  custom:video-decoder-ogg-theora: a1e56fd34408186e4bbccfd4996cb3dc -> 
  custom:container-muxer-webm: aa71ff27fc2769a1b78a27578f13a17b -> 
  custom:container-demuxer-webm: 4f35f7cbe854078d1ac9338744f61a02 -> 
  custom:video-encoder-webm-vp8: eb34c28f22e8b96e1ab97ce403110664 -> 
  custom:framework-osx-AVFoundation: e770b220cccbd017edd2c1fefb359320 -> 
  custom:audio-encoder-webm-vorbis: bf7c407c2cedff20999df2af8eb42d56 -> 
  custom:container-demuxer-ogg: 62fdf1f143b41e24485cea50d1cbac27 -> 
  custom:video-decoder-webm-vp8: 9c59270c3fd7afecdb556c50c9e8de78 -> 
  custom:audio-decoder-ogg-vorbis: bf7c407c2cedff20999df2af8eb42d56 -> 
